# JRE version: Java(TM) SE Runtime Environment (8.0_66-b17) (build 1.8.0_66-b17)
# Java VM: Java HotSpot(TM) 64-Bit Server VM (25.66-b17 mixed mode windows-amd64 compressed oops)
Heap:
 PSYoungGen      total 140800K, used 39091K [0x00000000d5f00000, 0x00000000df880000, 0x0000000100000000)
  eden space 128512K, 25% used [0x00000000d5f00000,0x00000000d7e72d88,0x00000000ddc80000)
  from space 12288K, 56% used [0x00000000dec80000,0x00000000df339f80,0x00000000df880000)
  to   space 14336K, 0% used [0x00000000ddc80000,0x00000000ddc80000,0x00000000dea80000)
 ParOldGen       total 104960K, used 19413K [0x0000000081c00000, 0x0000000088280000, 0x00000000d5f00000)
  object space 104960K, 18% used [0x0000000081c00000,0x0000000082ef5600,0x0000000088280000)
 Metaspace       used 39627K, capacity 40304K, committed 40704K, reserved 1085440K
  class space    used 4883K, capacity 5028K, committed 5120K, reserved 1048576K
GC Heap History (10 events):
Event: 2.702 GC heap before
{Heap before GC invocations=6 (full 1):
 PSYoungGen      total 71680K, used 66560K [0x00000000d5f00000, 0x00000000daa00000, 0x0000000100000000)
  eden space 66560K, 100% used [0x00000000d5f00000,0x00000000da000000,0x00000000da000000)
  from space 5120K, 0% used [0x00000000da500000,0x00000000da500000,0x00000000daa00000)
  to   space 5120K, 0% used [0x00000000da000000,0x00000000da000000,0x00000000da500000)
 ParOldGen       total 60928K, used 6975K [0x0000000081c00000, 0x0000000085780000, 0x00000000d5f00000)
  object space 60928K, 11% used [0x0000000081c00000,0x00000000822cfc48,0x0000000085780000)
 Metaspace       used 25697K, capacity 26142K, committed 26368K, reserved 1073152K
  class space    used 3149K, capacity 3250K, committed 3328K, reserved 1048576K
Event: 2.714 GC heap after
Heap after GC invocations=6 (full 1):
 PSYoungGen      total 71680K, used 5117K [0x00000000d5f00000, 0x00000000dcf00000, 0x0000000100000000)
  eden space 66560K, 0% used [0x00000000d5f00000,0x00000000d5f00000,0x00000000da000000)
  from space 5120K, 99% used [0x00000000da000000,0x00000000da4ff790,0x00000000da500000)
  to   space 8704K, 0% used [0x00000000dc680000,0x00000000dc680000,0x00000000dcf00000)
 ParOldGen       total 60928K, used 9904K [0x0000000081c00000, 0x0000000085780000, 0x00000000d5f00000)
  object space 60928K, 16% used [0x0000000081c00000,0x00000000825ac198,0x0000000085780000)
 Metaspace       used 25697K, capacity 26142K, committed 26368K, reserved 1073152K
  class space    used 3149K, capacity 3250K, committed 3328K, reserved 1048576K
}
Event: 3.757 GC heap before
{Heap before GC invocations=7 (full 1):
 PSYoungGen      total 71680K, used 71677K [0x00000000d5f00000, 0x00000000dcf00000, 0x0000000100000000)
  eden space 66560K, 100% used [0x00000000d5f00000,0x00000000da000000,0x00000000da000000)
  from space 5120K, 99% used [0x00000000da000000,0x00000000da4ff790,0x00000000da500000)
  to   space 8704K, 0% used [0x00000000dc680000,0x00000000dc680000,0x00000000dcf00000)
 ParOldGen       total 60928K, used 9904K [0x0000000081c00000, 0x0000000085780000, 0x00000000d5f00000)
  object space 60928K, 16% used [0x0000000081c00000,0x00000000825ac198,0x0000000085780000)
 Metaspace       used 30951K, capacity 31426K, committed 31744K, reserved 1077248K
  class space    used 3839K, capacity 3986K, committed 4096K, reserved 1048576K
Event: 3.766 GC heap after
Heap after GC invocations=7 (full 1):
 PSYoungGen      total 102400K, used 8697K [0x00000000d5f00000, 0x00000000dd400000, 0x0000000100000000)
  eden space 93696K, 0% used [0x00000000d5f00000,0x00000000d5f00000,0x00000000dba80000)
  from space 8704K, 99% used [0x00000000dc680000,0x00000000dcefe668,0x00000000dcf00000)
  to   space 12288K, 0% used [0x00000000dba80000,0x00000000dba80000,0x00000000dc680000)
 ParOldGen       total 60928K, used 14345K [0x0000000081c00000, 0x0000000085780000, 0x00000000d5f00000)
  object space 60928K, 23% used [0x0000000081c00000,0x0000000082a02530,0x0000000085780000)
 Metaspace       used 30951K, capacity 31426K, committed 31744K, reserved 1077248K
  class space    used 3839K, capacity 3986K, committed 4096K, reserved 1048576K
}
Event: 4.891 GC heap before
{Heap before GC invocations=8 (full 1):
 PSYoungGen      total 102400K, used 46355K [0x00000000d5f00000, 0x00000000dd400000, 0x0000000100000000)
  eden space 93696K, 40% used [0x00000000d5f00000,0x00000000d83c65c8,0x00000000dba80000)
  from space 8704K, 99% used [0x00000000dc680000,0x00000000dcefe668,0x00000000dcf00000)
  to   space 12288K, 0% used [0x00000000dba80000,0x00000000dba80000,0x00000000dc680000)
 ParOldGen       total 60928K, used 14345K [0x0000000081c00000, 0x0000000085780000, 0x00000000d5f00000)
  object space 60928K, 23% used [0x0000000081c00000,0x0000000082a02530,0x0000000085780000)
 Metaspace       used 34736K, capacity 35234K, committed 35456K, reserved 1081344K
  class space    used 4298K, capacity 4451K, committed 4480K, reserved 1048576K
Event: 4.898 GC heap after
Heap after GC invocations=8 (full 1):
 PSYoungGen      total 105984K, used 12285K [0x00000000d5f00000, 0x00000000dfb00000, 0x0000000100000000)
  eden space 93696K, 0% used [0x00000000d5f00000,0x00000000d5f00000,0x00000000dba80000)
  from space 12288K, 99% used [0x00000000dba80000,0x00000000dc67f4f0,0x00000000dc680000)
  to   space 14848K, 0% used [0x00000000dec80000,0x00000000dec80000,0x00000000dfb00000)
 ParOldGen       total 60928K, used 16282K [0x0000000081c00000, 0x0000000085780000, 0x00000000d5f00000)
  object space 60928K, 26% used [0x0000000081c00000,0x0000000082be6818,0x0000000085780000)
 Metaspace       used 34736K, capacity 35234K, committed 35456K, reserved 1081344K
  class space    used 4298K, capacity 4451K, committed 4480K, reserved 1048576K
}
Event: 4.898 GC heap before
{Heap before GC invocations=9 (full 2):
 PSYoungGen      total 105984K, used 12285K [0x00000000d5f00000, 0x00000000dfb00000, 0x0000000100000000)
  eden space 93696K, 0% used [0x00000000d5f00000,0x00000000d5f00000,0x00000000dba80000)
  from space 12288K, 99% used [0x00000000dba80000,0x00000000dc67f4f0,0x00000000dc680000)
  to   space 14848K, 0% used [0x00000000dec80000,0x00000000dec80000,0x00000000dfb00000)
 ParOldGen       total 60928K, used 16282K [0x0000000081c00000, 0x0000000085780000, 0x00000000d5f00000)
  object space 60928K, 26% used [0x0000000081c00000,0x0000000082be6818,0x0000000085780000)
 Metaspace       used 34736K, capacity 35234K, committed 35456K, reserved 1081344K
  class space    used 4298K, capacity 4451K, committed 4480K, reserved 1048576K
Event: 4.951 GC heap after
Heap after GC invocations=9 (full 2):
 PSYoungGen      total 105984K, used 0K [0x00000000d5f00000, 0x00000000dfb00000, 0x0000000100000000)
  eden space 93696K, 0% used [0x00000000d5f00000,0x00000000d5f00000,0x00000000dba80000)
  from space 12288K, 0% used [0x00000000dba80000,0x00000000dba80000,0x00000000dc680000)
  to   space 14848K, 0% used [0x00000000dec80000,0x00000000dec80000,0x00000000dfb00000)
 ParOldGen       total 104960K, used 19405K [0x0000000081c00000, 0x0000000088280000, 0x00000000d5f00000)
  object space 104960K, 18% used [0x0000000081c00000,0x0000000082ef3600,0x0000000088280000)
 Metaspace       used 34736K, capacity 35234K, committed 35456K, reserved 1081344K
  class space    used 4298K, capacity 4451K, committed 4480K, reserved 1048576K
}
Event: 6.339 GC heap before
{Heap before GC invocations=10 (full 2):
 PSYoungGen      total 105984K, used 93696K [0x00000000d5f00000, 0x00000000dfb00000, 0x0000000100000000)
  eden space 93696K, 100% used [0x00000000d5f00000,0x00000000dba80000,0x00000000dba80000)
  from space 12288K, 0% used [0x00000000dba80000,0x00000000dba80000,0x00000000dc680000)
  to   space 14848K, 0% used [0x00000000dec80000,0x00000000dec80000,0x00000000dfb00000)
 ParOldGen       total 104960K, used 19405K [0x0000000081c00000, 0x0000000088280000, 0x00000000d5f00000)
  object space 104960K, 18% used [0x0000000081c00000,0x0000000082ef3600,0x0000000088280000)
 Metaspace       used 38158K, capacity 38796K, committed 39168K, reserved 1083392K
  class space    used 4700K, capacity 4850K, committed 4864K, reserved 1048576K
Event: 6.346 GC heap after
Heap after GC invocations=10 (full 2):
 PSYoungGen      total 140800K, used 6887K [0x00000000d5f00000, 0x00000000df880000, 0x0000000100000000)
  eden space 128512K, 0% used [0x00000000d5f00000,0x00000000d5f00000,0x00000000ddc80000)
  from space 12288K, 56% used [0x00000000dec80000,0x00000000df339f80,0x00000000df880000)
  to   space 14336K, 0% used [0x00000000ddc80000,0x00000000ddc80000,0x00000000dea80000)
 ParOldGen       total 104960K, used 19413K [0x0000000081c00000, 0x0000000088280000, 0x00000000d5f00000)
  object space 104960K, 18% used [0x0000000081c00000,0x0000000082ef5600,0x0000000088280000)
 Metaspace       used 38158K, capacity 38796K, committed 39168K, reserved 1083392K
  class space    used 4700K, capacity 4850K, committed 4864K, reserved 1048576K
}

